<?xml version="1.0" encoding="UTF-8"?>
<!-- Generated by org.testng.reporters.JUnitReportReporter -->
<testsuite skipped="0" hostname="NOISY_BOY" name="Week2.day2.DeleteLead" tests="3" failures="0" timestamp="22 Oct 2019 19:16:07 GMT" time="91.540" errors="0">
  <testcase name="rundelete" time="30.265" classname="Week2.day2.DeleteLead"/>
  <testcase name="rundelete" time="31.695" classname="Week2.day2.DeleteLead"/>
  <testcase name="rundelete" time="29.580" classname="Week2.day2.DeleteLead"/>
</testsuite> <!-- Week2.day2.DeleteLead -->
