<?xml version="1.0" encoding="UTF-8"?>
<!-- Generated by org.testng.reporters.JUnitReportReporter -->
<testsuite skipped="0" hostname="NOISY_BOY" name="Week2.day2.CreateLead" tests="2" failures="0" timestamp="22 Oct 2019 19:16:07 GMT" time="51.589" errors="0">
  <testcase name="runcreate" time="25.473" classname="Week2.day2.CreateLead"/>
  <testcase name="runcreate" time="26.116" classname="Week2.day2.CreateLead"/>
</testsuite> <!-- Week2.day2.CreateLead -->
