<?xml version="1.0" encoding="UTF-8"?>
<!-- Generated by org.testng.reporters.JUnitReportReporter -->
<testsuite skipped="0" hostname="NOISY_BOY" name="Week2.day2.DuplicateLead" tests="3" failures="0" timestamp="22 Oct 2019 19:16:07 GMT" time="94.676" errors="0">
  <testcase name="runduplicate" time="32.020" classname="Week2.day2.DuplicateLead"/>
  <testcase name="runduplicate" time="30.285" classname="Week2.day2.DuplicateLead"/>
  <testcase name="runduplicate" time="32.371" classname="Week2.day2.DuplicateLead"/>
</testsuite> <!-- Week2.day2.DuplicateLead -->
