<?xml version="1.0" encoding="UTF-8"?>
<!-- Generated by org.testng.reporters.JUnitReportReporter -->
<testsuite skipped="0" hostname="NOISY_BOY" name="Week5.day2.Amazon" tests="2" failures="0" timestamp="02 Nov 2019 03:33:43 GMT" time="104.480" errors="0">
  <testcase name="runamazon" time="54.561" classname="Week5.day2.Amazon"/>
  <testcase name="runamazon" time="49.919" classname="Week5.day2.Amazon"/>
</testsuite> <!-- Week5.day2.Amazon -->
