<?xml version="1.0" encoding="UTF-8"?>
<!-- Generated by org.testng.reporters.JUnitReportReporter -->
<testsuite skipped="0" hostname="NOISY_BOY" name="runner.Runtest" tests="2" failures="0" timestamp="11 Nov 2019 19:04:25 GMT" time="86.586" errors="0">
  <testcase name="runScenario" time="42.238" classname="runner.Runtest"/>
  <testcase name="runScenario" time="44.348" classname="runner.Runtest"/>
</testsuite> <!-- runner.Runtest -->
