<?xml version="1.0" encoding="UTF-8"?>
<!-- Generated by org.testng.reporters.JUnitReportReporter -->
<testsuite skipped="0" hostname="NOISY_BOY" name="Week2.day2.EditLead" tests="2" failures="0" timestamp="22 Oct 2019 19:16:07 GMT" time="57.425" errors="0">
  <testcase name="runedit" time="27.585" classname="Week2.day2.EditLead"/>
  <testcase name="runedit" time="29.840" classname="Week2.day2.EditLead"/>
</testsuite> <!-- Week2.day2.EditLead -->
