<?xml version="1.0" encoding="UTF-8"?>
<!-- Generated by org.testng.reporters.JUnitReportReporter -->
<testsuite skipped="0" hostname="kalai-PC" name="org.testleaf.testcases.TC002_CreateNewLead" tests="2" failures="0" timestamp="2019-11-04T12:31:40 IST" time="40.331" errors="0">
  <testcase name="createLead" time="19.228" classname="org.testleaf.testcases.TC002_CreateNewLead"/>
  <testcase name="createLead" time="21.103" classname="org.testleaf.testcases.TC002_CreateNewLead"/>
</testsuite> <!-- org.testleaf.testcases.TC002_CreateNewLead -->
