<?xml version="1.0" encoding="UTF-8"?>
<!-- Generated by org.testng.reporters.JUnitReportReporter -->
<testsuite skipped="0" hostname="NOISY_BOY" name="com.leafBot.testcases.TC001_Acme" tests="1" failures="0" timestamp="16 Nov 2019 11:25:29 GMT" time="17.913" errors="0">
  <testcase name="runTC001" time="17.913" classname="com.leafBot.testcases.TC001_Acme"/>
</testsuite> <!-- com.leafBot.testcases.TC001_Acme -->
